<?xml version="1.0" encoding="UTF-8" ?>
<testsuites>
  <testsuite errors="0" failures="0" hostname="F7DP9W1" id="0" name="AccountIntegrationSpec" package="msse_auctions" tests="1" time="0.553" timestamp="2015-02-26T21:03:54">
      <properties />

      <testcase classname="msse_auctions.AccountIntegrationSpec" name="unsuccessfully create an account:  duplicate email" time="0.548" />

      <system-out><![CDATA[--Output from unsuccessfully create an account:  duplicate email--
]]></system-out>

      <system-err><![CDATA[--Output from unsuccessfully create an account:  duplicate email--
]]></system-err>

  </testsuite>
  <testsuite errors="0" failures="0" hostname="F7DP9W1" id="1" name="BidControllerSpec" package="msse_auctions" tests="2" time="0.881" timestamp="2015-02-26T21:03:54">
      <properties />

      <testcase classname="msse_auctions.BidControllerSpec" name="unsuccessfully create a new bid:  amount is below the startingPrice" time="0.801" />

      <testcase classname="msse_auctions.BidControllerSpec" name="unsuccessfully create a new bid:  amount is below the highest bid + 0.50" time="0.075" />

      <system-out><![CDATA[--Output from unsuccessfully create a new bid:  amount is below the startingPrice--
----------------------------------------------
open listing BidController test
Test Name (9.99)
----------------------------------------------
--Output from unsuccessfully create a new bid:  amount is below the highest bid + 0.50--
]]></system-out>

      <system-err><![CDATA[--Output from unsuccessfully create a new bid:  amount is below the startingPrice--
--Output from unsuccessfully create a new bid:  amount is below the highest bid + 0.50--
]]></system-err>

  </testsuite>
  <testsuite errors="0" failures="0" hostname="F7DP9W1" id="2" name="BidSpec" package="msse_auctions" tests="3" time="0.533" timestamp="2015-02-26T21:03:55">
      <properties />

      <testcase classname="msse_auctions.BidSpec" name="create a bid" time="0.088" />

      <testcase classname="msse_auctions.BidSpec" name="unsuccessfully create a bid:  null listing" time="0.032" />

      <testcase classname="msse_auctions.BidSpec" name="unsuccessfully create a bid:  null bidder" time="0.03" />

      <system-out><![CDATA[--Output from create a bid--
--Output from unsuccessfully create a bid:  null listing--
--Output from unsuccessfully create a bid:  null bidder--
]]></system-out>

      <system-err><![CDATA[--Output from create a bid--
--Output from unsuccessfully create a bid:  null listing--
--Output from unsuccessfully create a bid:  null bidder--
]]></system-err>

  </testsuite>
  <testsuite errors="0" failures="0" hostname="F7DP9W1" id="3" name="ListingControllerSpec" package="msse_auctions" tests="1" time="1.276" timestamp="2015-02-26T21:03:56">
      <properties />

      <testcase classname="msse_auctions.ListingControllerSpec" name="index with no parameters returns no more than 10 open listings" time="1.219" />

      <system-out><![CDATA[--Output from index with no parameters returns no more than 10 open listings--

descr:  null
descr:  
params:  [:]
max   :  null
offset:  null
sort  :  null
order :  null
msse_auctions.ListingController@24ac87a
]]></system-out>

      <system-err><![CDATA[--Output from index with no parameters returns no more than 10 open listings--
]]></system-err>

  </testsuite>
  <testsuite errors="0" failures="0" hostname="F7DP9W1" id="4" name="ListingSpec" package="msse_auctions" tests="14" time="0.613" timestamp="2015-02-26T21:03:57">
      <properties />

      <testcase classname="msse_auctions.ListingSpec" name="create a listing" time="0.058" />

      <testcase classname="msse_auctions.ListingSpec" name="unsuccessfully create a listing:  null seller" time="0.106" />

      <testcase classname="msse_auctions.ListingSpec" name="unsuccessfully create a listing:  invalid seller" time="0.026" />

      <testcase classname="msse_auctions.ListingSpec" name="unsuccessfully create a listing:  null name" time="0.038" />

      <testcase classname="msse_auctions.ListingSpec" name="unsuccessfully create a listing:  blank name" time="0.04" />

      <testcase classname="msse_auctions.ListingSpec" name="unsuccessfully create a listing:  null description" time="0.028" />

      <testcase classname="msse_auctions.ListingSpec" name="unsuccessfully create a listing:  blank description" time="0.026" />

      <testcase classname="msse_auctions.ListingSpec" name="unsuccessfully create a listing:  null start date" time="0.025" />

      <testcase classname="msse_auctions.ListingSpec" name="unsuccessfully create a listing:  null days" time="0.037" />

      <testcase classname="msse_auctions.ListingSpec" name="unsuccessfully create a listing:  zero days" time="0.029" />

      <testcase classname="msse_auctions.ListingSpec" name="unsuccessfully create a listing:  negative days" time="0.059" />

      <testcase classname="msse_auctions.ListingSpec" name="unsuccessfully create a listing:  negative starting price" time="0.026" />

      <testcase classname="msse_auctions.ListingSpec" name="unsuccessfully create a listing:  null deliver option" time="0.034" />

      <testcase classname="msse_auctions.ListingSpec" name="unsuccessfully create a listing:  invalid deliver option" time="0.027" />

      <system-out><![CDATA[--Output from create a listing--
--Output from unsuccessfully create a listing:  null seller--
--Output from unsuccessfully create a listing:  invalid seller--
--Output from unsuccessfully create a listing:  null name--
--Output from unsuccessfully create a listing:  blank name--
--Output from unsuccessfully create a listing:  null description--
--Output from unsuccessfully create a listing:  blank description--
--Output from unsuccessfully create a listing:  null start date--
--Output from unsuccessfully create a listing:  null days--
--Output from unsuccessfully create a listing:  zero days--
--Output from unsuccessfully create a listing:  negative days--
--Output from unsuccessfully create a listing:  negative starting price--
--Output from unsuccessfully create a listing:  null deliver option--
--Output from unsuccessfully create a listing:  invalid deliver option--
]]></system-out>

      <system-err><![CDATA[--Output from create a listing--
--Output from unsuccessfully create a listing:  null seller--
--Output from unsuccessfully create a listing:  invalid seller--
--Output from unsuccessfully create a listing:  null name--
--Output from unsuccessfully create a listing:  blank name--
--Output from unsuccessfully create a listing:  null description--
--Output from unsuccessfully create a listing:  blank description--
--Output from unsuccessfully create a listing:  null start date--
--Output from unsuccessfully create a listing:  null days--
--Output from unsuccessfully create a listing:  zero days--
--Output from unsuccessfully create a listing:  negative days--
--Output from unsuccessfully create a listing:  negative starting price--
--Output from unsuccessfully create a listing:  null deliver option--
--Output from unsuccessfully create a listing:  invalid deliver option--
]]></system-err>

  </testsuite>
  <testsuite errors="0" failures="0" hostname="F7DP9W1" id="5" name="ReviewSpec" package="msse_auctions" tests="6" time="0.322" timestamp="2015-02-26T21:03:58">
      <properties />

      <testcase classname="msse_auctions.ReviewSpec" name="successfully create a review" time="0.079" />

      <testcase classname="msse_auctions.ReviewSpec" name="unsuccessfully create a review:  description too long" time="0.066" />

      <testcase classname="msse_auctions.ReviewSpec" name="unsuccessfully create a review:  null reviewer" time="0.04" />

      <testcase classname="msse_auctions.ReviewSpec" name="unsuccessfully create a review:  null reviewee" time="0.065" />

      <testcase classname="msse_auctions.ReviewSpec" name="unsuccessfully create a review:  invalid rating" time="0.032" />

      <testcase classname="msse_auctions.ReviewSpec" name="unsuccessfully create a review:  invalid thumbs" time="0.038" />

      <system-out><![CDATA[--Output from successfully create a review--
--Output from unsuccessfully create a review:  description too long--
--Output from unsuccessfully create a review:  null reviewer--
--Output from unsuccessfully create a review:  null reviewee--
--Output from unsuccessfully create a review:  invalid rating--
--Output from unsuccessfully create a review:  invalid thumbs--
]]></system-out>

      <system-err><![CDATA[--Output from successfully create a review--
--Output from unsuccessfully create a review:  description too long--
--Output from unsuccessfully create a review:  null reviewer--
--Output from unsuccessfully create a review:  null reviewee--
--Output from unsuccessfully create a review:  invalid rating--
--Output from unsuccessfully create a review:  invalid thumbs--
]]></system-err>

  </testsuite>
</testsuites>
